<?xml version="1.0" encoding="UTF-8" standalone="yes"?><!DOCTYPE report PUBLIC "-//JACOCO//DTD Report 1.1//EN" "report.dtd"><report name="cse364"><sessioninfo id="20191352-p01-b258c14" start="1714691105514" dump="1714691105687"/><sessioninfo id="20191352-p01-73213d7" start="1714691201478" dump="1714691201704"/><sessioninfo id="20191352-p01-ce42ac0f" start="1714691314485" dump="1714691314652"/><sessioninfo id="20191352-p01-5f050519" start="1714691486228" dump="1714691486418"/><sessioninfo id="20191352-p01-7050f07a" start="1714691538590" dump="1714691538782"/><sessioninfo id="20191352-p01-7a44c7b" start="1714691597054" dump="1714691597260"/><sessioninfo id="20191352-p01-fe1c9ecf" start="1714692717688" dump="1714692717942"/><sessioninfo id="20191352-p01-2d8b7426" start="1714692803278" dump="1714692803490"/><sessioninfo id="20191352-p01-5c1d742e" start="1714692895800" dump="1714692896024"/><sessioninfo id="20191352-p01-a557a58" start="1714692983277" dump="1714692983474"/><sessioninfo id="20191352-p01-c1cd7b0f" start="1714693068673" dump="1714693068876"/><sessioninfo id="20191352-p01-5a72ba41" start="1714693143747" dump="1714693143934"/><sessioninfo id="20191352-p01-94284cbd" start="1714693305724" dump="1714693305909"/><sessioninfo id="20191352-p01-bfc80747" start="1714693425505" dump="1714693425715"/><sessioninfo id="20191352-p01-8438b89a" start="1714693576734" dump="1714693576912"/><sessioninfo id="20191352-p01-938eed" start="1714693682157" dump="1714693682404"/><sessioninfo id="20191352-p01-e4857198" start="1714693829715" dump="1714693829913"/><sessioninfo id="20191352-p01-c69f46e3" start="1714694052487" dump="1714694052727"/><sessioninfo id="20191352-p01-19e647c8" start="1714694127251" dump="1714694127460"/><sessioninfo id="20191352-p01-bc452d03" start="1714694183556" dump="1714694183789"/><sessioninfo id="20191352-p01-fea87e28" start="1714694279715" dump="1714694279966"/><sessioninfo id="20191352-p01-88a4b7ff" start="1714695190333" dump="1714695190534"/><sessioninfo id="20191352-p01-658524fa" start="1714695231310" dump="1714695231505"/><sessioninfo id="20191352-p01-9be95403" start="1714695352199" dump="1714695352868"/><sessioninfo id="20191352-p01-21c0d867" start="1714695418770" dump="1714695418964"/><sessioninfo id="20191352-p01-5d375fb" start="1714695531247" dump="1714695531474"/><sessioninfo id="20191352-p01-d0c61ac9" start="1714695920610" dump="1714695920796"/><sessioninfo id="20191352-p01-13923793" start="1714696798611" dump="1714696798813"/><sessioninfo id="20191352-p01-26c99f65" start="1714696961293" dump="1714696961518"/><sessioninfo id="20191352-p01-91b9ba8a" start="1714697028189" dump="1714697028389"/><sessioninfo id="20191352-p01-868b4cbb" start="1714697298576" dump="1714697298775"/><sessioninfo id="20191352-p01-a2cdd9f6" start="1714697525567" dump="1714697525819"/><sessioninfo id="20191352-p01-bf1d2e4" start="1714697666845" dump="1714697667029"/><sessioninfo id="20191352-p01-5520943a" start="1714697707904" dump="1714697708116"/><sessioninfo id="20191352-p01-cdfb00ce" start="1714697865597" dump="1714697865785"/><sessioninfo id="20191352-p01-e59e9d07" start="1714697954947" dump="1714697955142"/><sessioninfo id="20191352-p01-b0f54d07" start="1714698095076" dump="1714698095350"/><sessioninfo id="20191352-p01-3478ad53" start="1714698142241" dump="1714698142423"/><sessioninfo id="20191352-p01-f3f2ceff" start="1714698486917" dump="1714698487111"/><sessioninfo id="20191352-p01-45206886" start="1714698548661" dump="1714698548827"/><sessioninfo id="20191352-p01-7f812207" start="1714714074489" dump="1714714074696"/><sessioninfo id="20191352-p01-c150ca96" start="1714714212196" dump="1714714212384"/><sessioninfo id="20191352-p01-59a6d6a7" start="1714714353077" dump="1714714353264"/><sessioninfo id="20191352-p01-7c9e0687" start="1714714430564" dump="1714714430796"/><sessioninfo id="20191352-p01-76c175b2" start="1714714979201" dump="1714714979399"/><sessioninfo id="20191352-p01-db7f7245" start="1714715060945" dump="1714715061143"/><sessioninfo id="20191352-p01-a7e075df" start="1714715537478" dump="1714715537659"/><sessioninfo id="20191352-p01-969e3813" start="1714715600665" dump="1714715600880"/><sessioninfo id="20191352-p01-f4f3955b" start="1714715669356" dump="1714715669544"/><sessioninfo id="20191352-p01-6b4c2e77" start="1714715759601" dump="1714715759787"/><sessioninfo id="20191352-p01-f5e96f96" start="1714715799975" dump="1714715800177"/><sessioninfo id="20191352-p01-6c89de6d" start="1714715901272" dump="1714715901488"/><sessioninfo id="20191352-p01-63030501" start="1714716053058" dump="1714716053243"/><sessioninfo id="20191352-p01-9b79df2c" start="1714716156592" dump="1714716156779"/><package name="com/example"><class name="com/example/LoadDatabase" sourcefilename="LoadDatabase.java"><method name="&lt;init&gt;" desc="()V" line="20"><counter type="INSTRUCTION" missed="3" covered="0"/><counter type="LINE" missed="1" covered="0"/><counter type="COMPLEXITY" missed="1" covered="0"/><counter type="METHOD" missed="1" covered="0"/></method><method name="initDatabase" desc="(Lcom/example/MovieRepository;)Lorg/springframework/boot/CommandLineRunner;" line="27"><counter type="INSTRUCTION" missed="3" covered="0"/><counter type="LINE" missed="1" covered="0"/><counter type="COMPLEXITY" missed="1" covered="0"/><counter type="METHOD" missed="1" covered="0"/></method><method name="lambda$initDatabase$0" desc="(Lcom/example/MovieRepository;[Ljava/lang/String;)V" line="30"><counter type="INSTRUCTION" missed="63" covered="0"/><counter type="BRANCH" missed="4" covered="0"/><counter type="LINE" missed="16" covered="0"/><counter type="COMPLEXITY" missed="3" covered="0"/><counter type="METHOD" missed="1" covered="0"/></method><method name="&lt;clinit&gt;" desc="()V" line="22"><counter type="INSTRUCTION" missed="4" covered="0"/><counter type="LINE" missed="1" covered="0"/><counter type="COMPLEXITY" missed="1" covered="0"/><counter type="METHOD" missed="1" covered="0"/></method><counter type="INSTRUCTION" missed="73" covered="0"/><counter type="BRANCH" missed="4" covered="0"/><counter type="LINE" missed="19" covered="0"/><counter type="COMPLEXITY" missed="6" covered="0"/><counter type="METHOD" missed="4" covered="0"/><counter type="CLASS" missed="1" covered="0"/></class><class name="com/example/MovieRepository" sourcefilename="MovieRepository.java"/><class name="com/example/MovieController" sourcefilename="MovieController.java"><method name="&lt;init&gt;" desc="()V" line="24"><counter type="INSTRUCTION" missed="11" covered="0"/><counter type="BRANCH" missed="2" covered="0"/><counter type="LINE" missed="4" covered="0"/><counter type="COMPLEXITY" missed="2" covered="0"/><counter type="METHOD" missed="1" covered="0"/></method><method name="&lt;init&gt;" desc="(Ljava/util/List;)V" line="30"><counter type="INSTRUCTION" missed="0" covered="6"/><counter type="LINE" missed="0" covered="3"/><counter type="COMPLEXITY" missed="0" covered="1"/><counter type="METHOD" missed="0" covered="1"/></method><method name="getAllMovies" desc="()Ljava/util/List;" line="37"><counter type="INSTRUCTION" missed="4" covered="35"/><counter type="BRANCH" missed="3" covered="3"/><counter type="LINE" missed="1" covered="9"/><counter type="COMPLEXITY" missed="3" covered="1"/><counter type="METHOD" missed="0" covered="1"/></method><method name="getRandomMovies" desc="()Ljava/util/List;" line="59"><counter type="INSTRUCTION" missed="4" covered="67"/><counter type="BRANCH" missed="1" covered="1"/><counter type="LINE" missed="1" covered="14"/><counter type="COMPLEXITY" missed="1" covered="1"/><counter type="METHOD" missed="0" covered="1"/></method><method name="recommendrandomMovies" desc="(Ljava/lang/String;Ljava/lang/String;)Ljava/util/List;" line="82"><counter type="INSTRUCTION" missed="4" covered="95"/><counter type="BRANCH" missed="1" covered="7"/><counter type="LINE" missed="1" covered="23"/><counter type="COMPLEXITY" missed="1" covered="4"/><counter type="METHOD" missed="0" covered="1"/></method><method name="recommendtop10Movies" desc="(Ljava/lang/String;Ljava/lang/String;)Ljava/util/List;" line="120"><counter type="INSTRUCTION" missed="4" covered="54"/><counter type="BRANCH" missed="1" covered="3"/><counter type="LINE" missed="1" covered="15"/><counter type="COMPLEXITY" missed="1" covered="2"/><counter type="METHOD" missed="0" covered="1"/></method><method name="lambda$recommendtop10Movies$4" desc="(Lcom/example/Movie;Lcom/example/Movie;)I" line="134"><counter type="INSTRUCTION" missed="0" covered="12"/><counter type="LINE" missed="0" covered="3"/><counter type="COMPLEXITY" missed="0" covered="1"/><counter type="METHOD" missed="0" covered="1"/></method><method name="lambda$recommendtop10Movies$3" desc="(Ljava/lang/String;Lcom/example/Movie;)Z" line="128"><counter type="INSTRUCTION" missed="0" covered="11"/><counter type="LINE" missed="0" covered="2"/><counter type="COMPLEXITY" missed="0" covered="1"/><counter type="METHOD" missed="0" covered="1"/></method><method name="lambda$recommendtop10Movies$2" desc="(Ljava/lang/String;Lcom/example/Movie;)Z" line="125"><counter type="INSTRUCTION" missed="0" covered="5"/><counter type="LINE" missed="0" covered="1"/><counter type="COMPLEXITY" missed="0" covered="1"/><counter type="METHOD" missed="0" covered="1"/></method><method name="lambda$recommendrandomMovies$1" desc="(Ljava/lang/String;Lcom/example/Movie;)Z" line="99"><counter type="INSTRUCTION" missed="0" covered="11"/><counter type="LINE" missed="0" covered="2"/><counter type="COMPLEXITY" missed="0" covered="1"/><counter type="METHOD" missed="0" covered="1"/></method><method name="lambda$recommendrandomMovies$0" desc="(Ljava/lang/String;Lcom/example/Movie;)Z" line="96"><counter type="INSTRUCTION" missed="0" covered="5"/><counter type="LINE" missed="0" covered="1"/><counter type="COMPLEXITY" missed="0" covered="1"/><counter type="METHOD" missed="0" covered="1"/></method><counter type="INSTRUCTION" missed="27" covered="301"/><counter type="BRANCH" missed="8" covered="14"/><counter type="LINE" missed="8" covered="71"/><counter type="COMPLEXITY" missed="8" covered="14"/><counter type="METHOD" missed="1" covered="10"/><counter type="CLASS" missed="0" covered="1"/></class><class name="com/example/Application" sourcefilename="Application.java"><method name="&lt;init&gt;" desc="()V" line="8"><counter type="INSTRUCTION" missed="0" covered="3"/><counter type="LINE" missed="0" covered="1"/><counter type="COMPLEXITY" missed="0" covered="1"/><counter type="METHOD" missed="0" covered="1"/></method><method name="main" desc="([Ljava/lang/String;)V" line="11"><counter type="INSTRUCTION" missed="5" covered="0"/><counter type="LINE" missed="2" covered="0"/><counter type="COMPLEXITY" missed="1" covered="0"/><counter type="METHOD" missed="1" covered="0"/></method><counter type="INSTRUCTION" missed="5" covered="3"/><counter type="LINE" missed="2" covered="1"/><counter type="COMPLEXITY" missed="1" covered="1"/><counter type="METHOD" missed="1" covered="1"/><counter type="CLASS" missed="0" covered="1"/></class><class name="com/example/Movie" sourcefilename="Movie.java"><method name="&lt;init&gt;" desc="()V" line="12"><counter type="INSTRUCTION" missed="0" covered="3"/><counter type="LINE" missed="0" covered="1"/><counter type="COMPLEXITY" missed="0" covered="1"/><counter type="METHOD" missed="0" covered="1"/></method><method name="&lt;init&gt;" desc="(Ljava/lang/String;Ljava/lang/String;Ljava/lang/String;Ljava/lang/String;)V" line="14"><counter type="INSTRUCTION" missed="0" covered="15"/><counter type="LINE" missed="0" covered="6"/><counter type="COMPLEXITY" missed="0" covered="1"/><counter type="METHOD" missed="0" covered="1"/></method><method name="equals" desc="(Lcom/example/Movie;)Z" line="24"><counter type="INSTRUCTION" missed="3" covered="33"/><counter type="BRANCH" missed="5" covered="7"/><counter type="LINE" missed="0" covered="7"/><counter type="COMPLEXITY" missed="5" covered="2"/><counter type="METHOD" missed="0" covered="1"/></method><method name="hashCode" desc="()I" line="35"><counter type="INSTRUCTION" missed="0" covered="5"/><counter type="LINE" missed="0" covered="1"/><counter type="COMPLEXITY" missed="0" covered="1"/><counter type="METHOD" missed="0" covered="1"/></method><method name="toString" desc="()Ljava/lang/String;" line="40"><counter type="INSTRUCTION" missed="0" covered="10"/><counter type="LINE" missed="0" covered="1"/><counter type="COMPLEXITY" missed="0" covered="1"/><counter type="METHOD" missed="0" covered="1"/></method><method name="setSeason" desc="(Ljava/lang/String;)V" line="49"><counter type="INSTRUCTION" missed="0" covered="4"/><counter type="LINE" missed="0" covered="2"/><counter type="COMPLEXITY" missed="0" covered="1"/><counter type="METHOD" missed="0" covered="1"/></method><method name="setTitle" desc="(Ljava/lang/String;)V" line="53"><counter type="INSTRUCTION" missed="0" covered="4"/><counter type="LINE" missed="0" covered="2"/><counter type="COMPLEXITY" missed="0" covered="1"/><counter type="METHOD" missed="0" covered="1"/></method><method name="setGenre" desc="(Ljava/lang/String;)V" line="57"><counter type="INSTRUCTION" missed="0" covered="4"/><counter type="LINE" missed="0" covered="2"/><counter type="COMPLEXITY" missed="0" covered="1"/><counter type="METHOD" missed="0" covered="1"/></method><method name="setRating" desc="(Ljava/lang/String;)V" line="61"><counter type="INSTRUCTION" missed="0" covered="4"/><counter type="LINE" missed="0" covered="2"/><counter type="COMPLEXITY" missed="0" covered="1"/><counter type="METHOD" missed="0" covered="1"/></method><method name="getGenre" desc="()Ljava/lang/String;" line="65"><counter type="INSTRUCTION" missed="0" covered="3"/><counter type="LINE" missed="0" covered="1"/><counter type="COMPLEXITY" missed="0" covered="1"/><counter type="METHOD" missed="0" covered="1"/></method><method name="getSeason" desc="()Ljava/lang/String;" line="69"><counter type="INSTRUCTION" missed="0" covered="3"/><counter type="LINE" missed="0" covered="1"/><counter type="COMPLEXITY" missed="0" covered="1"/><counter type="METHOD" missed="0" covered="1"/></method><method name="getRating" desc="()Ljava/lang/String;" line="73"><counter type="INSTRUCTION" missed="0" covered="3"/><counter type="LINE" missed="0" covered="1"/><counter type="COMPLEXITY" missed="0" covered="1"/><counter type="METHOD" missed="0" covered="1"/></method><method name="getTitle" desc="()Ljava/lang/String;" line="77"><counter type="INSTRUCTION" missed="0" covered="3"/><counter type="LINE" missed="0" covered="1"/><counter type="COMPLEXITY" missed="0" covered="1"/><counter type="METHOD" missed="0" covered="1"/></method><counter type="INSTRUCTION" missed="3" covered="94"/><counter type="BRANCH" missed="5" covered="7"/><counter type="LINE" missed="0" covered="28"/><counter type="COMPLEXITY" missed="5" covered="14"/><counter type="METHOD" missed="0" covered="13"/><counter type="CLASS" missed="0" covered="1"/></class><sourcefile name="Application.java"><line nr="8" mi="0" ci="3" mb="0" cb="0"/><line nr="11" mi="4" ci="0" mb="0" cb="0"/><line nr="12" mi="1" ci="0" mb="0" cb="0"/><counter type="INSTRUCTION" missed="5" covered="3"/><counter type="LINE" missed="2" covered="1"/><counter type="COMPLEXITY" missed="1" covered="1"/><counter type="METHOD" missed="1" covered="1"/><counter type="CLASS" missed="0" covered="1"/></sourcefile><sourcefile name="MovieRepository.java"/><sourcefile name="Movie.java"><line nr="12" mi="0" ci="3" mb="0" cb="0"/><line nr="14" mi="0" ci="2" mb="0" cb="0"/><line nr="16" mi="0" ci="3" mb="0" cb="0"/><line nr="17" mi="0" ci="3" mb="0" cb="0"/><line nr="18" mi="0" ci="3" mb="0" cb="0"/><line nr="19" mi="0" ci="3" mb="0" cb="0"/><line nr="20" mi="0" ci="1" mb="0" cb="0"/><line nr="24" mi="0" ci="5" mb="0" cb="2"/><line nr="25" mi="2" ci="3" mb="1" cb="1"/><line nr="26" mi="0" ci="2" mb="0" cb="0"/><line nr="27" mi="0" ci="9" mb="1" cb="1"/><line nr="28" mi="0" ci="5" mb="1" cb="1"/><line nr="29" mi="0" ci="5" mb="1" cb="1"/><line nr="30" mi="1" ci="4" mb="1" cb="1"/><line nr="35" mi="0" ci="5" mb="0" cb="0"/><line nr="40" mi="0" ci="10" mb="0" cb="0"/><line nr="49" mi="0" ci="3" mb="0" cb="0"/><line nr="50" mi="0" ci="1" mb="0" cb="0"/><line nr="53" mi="0" ci="3" mb="0" cb="0"/><line nr="54" mi="0" ci="1" mb="0" cb="0"/><line nr="57" mi="0" ci="3" mb="0" cb="0"/><line nr="58" mi="0" ci="1" mb="0" cb="0"/><line nr="61" mi="0" ci="3" mb="0" cb="0"/><line nr="62" mi="0" ci="1" mb="0" cb="0"/><line nr="65" mi="0" ci="3" mb="0" cb="0"/><line nr="69" mi="0" ci="3" mb="0" cb="0"/><line nr="73" mi="0" ci="3" mb="0" cb="0"/><line nr="77" mi="0" ci="3" mb="0" cb="0"/><counter type="INSTRUCTION" missed="3" covered="94"/><counter type="BRANCH" missed="5" covered="7"/><counter type="LINE" missed="0" covered="28"/><counter type="COMPLEXITY" missed="5" covered="14"/><counter type="METHOD" missed="0" covered="13"/><counter type="CLASS" missed="0" covered="1"/></sourcefile><sourcefile name="MovieController.java"><line nr="24" mi="2" ci="0" mb="0" cb="0"/><line nr="25" mi="3" ci="0" mb="2" cb="0"/><line nr="26" mi="5" ci="0" mb="0" cb="0"/><line nr="28" mi="1" ci="0" mb="0" cb="0"/><line nr="30" mi="0" ci="2" mb="0" cb="0"/><line nr="31" mi="0" ci="3" mb="0" cb="0"/><line nr="32" mi="0" ci="1" mb="0" cb="0"/><line nr="37" mi="0" ci="3" mb="0" cb="0"/><line nr="39" mi="0" ci="6" mb="2" cb="2"/><line nr="41" mi="4" ci="0" mb="0" cb="0"/><line nr="44" mi="0" ci="2" mb="0" cb="0"/><line nr="45" mi="0" ci="3" mb="1" cb="1"/><line nr="46" mi="0" ci="3" mb="0" cb="0"/><line nr="48" mi="0" ci="8" mb="0" cb="0"/><line nr="49" mi="0" ci="3" mb="0" cb="0"/><line nr="50" mi="0" ci="5" mb="0" cb="0"/><line nr="53" mi="0" ci="2" mb="0" cb="0"/><line nr="59" mi="0" ci="3" mb="0" cb="0"/><line nr="60" mi="0" ci="3" mb="1" cb="1"/><line nr="61" mi="4" ci="0" mb="0" cb="0"/><line nr="63" mi="0" ci="8" mb="0" cb="0"/><line nr="64" mi="0" ci="3" mb="0" cb="0"/><line nr="65" mi="0" ci="2" mb="0" cb="0"/><line nr="66" mi="0" ci="8" mb="0" cb="0"/><line nr="67" mi="0" ci="3" mb="0" cb="0"/><line nr="68" mi="0" ci="5" mb="0" cb="0"/><line nr="69" mi="0" ci="2" mb="0" cb="0"/><line nr="70" mi="0" ci="8" mb="0" cb="0"/><line nr="71" mi="0" ci="8" mb="0" cb="0"/><line nr="72" mi="0" ci="3" mb="0" cb="0"/><line nr="73" mi="0" ci="3" mb="0" cb="0"/><line nr="74" mi="0" ci="8" mb="0" cb="0"/><line nr="82" mi="0" ci="8" mb="0" cb="0"/><line nr="83" mi="0" ci="8" mb="0" cb="0"/><line nr="84" mi="0" ci="4" mb="0" cb="0"/><line nr="85" mi="0" ci="4" mb="0" cb="0"/><line nr="86" mi="0" ci="3" mb="0" cb="0"/><line nr="87" mi="0" ci="2" mb="0" cb="0"/><line nr="88" mi="0" ci="2" mb="0" cb="0"/><line nr="89" mi="0" ci="4" mb="0" cb="2"/><line nr="90" mi="0" ci="2" mb="0" cb="0"/><line nr="92" mi="0" ci="3" mb="1" cb="1"/><line nr="93" mi="4" ci="0" mb="0" cb="0"/><line nr="95" mi="0" ci="4" mb="0" cb="0"/><line nr="96" mi="0" ci="7" mb="0" cb="0"/><line nr="97" mi="0" ci="2" mb="0" cb="2"/><line nr="98" mi="0" ci="5" mb="0" cb="0"/><line nr="99" mi="0" ci="6" mb="0" cb="0"/><line nr="100" mi="0" ci="5" mb="0" cb="0"/><line nr="103" mi="0" ci="5" mb="0" cb="0"/><line nr="104" mi="0" ci="2" mb="0" cb="0"/><line nr="105" mi="0" ci="8" mb="0" cb="0"/><line nr="106" mi="0" ci="8" mb="0" cb="0"/><line nr="107" mi="0" ci="3" mb="0" cb="0"/><line nr="108" mi="0" ci="3" mb="0" cb="0"/><line nr="109" mi="0" ci="2" mb="0" cb="2"/><line nr="110" mi="0" ci="3" mb="0" cb="0"/><line nr="112" mi="0" ci="8" mb="0" cb="0"/><line nr="120" mi="0" ci="3" mb="0" cb="0"/><line nr="121" mi="0" ci="3" mb="1" cb="1"/><line nr="122" mi="4" ci="0" mb="0" cb="0"/><line nr="124" mi="0" ci="4" mb="0" cb="0"/><line nr="125" mi="0" ci="7" mb="0" cb="0"/><line nr="126" mi="0" ci="2" mb="0" cb="2"/><line nr="127" mi="0" ci="5" mb="0" cb="0"/><line nr="128" mi="0" ci="6" mb="0" cb="0"/><line nr="129" mi="0" ci="5" mb="0" cb="0"/><line nr="132" mi="0" ci="2" mb="0" cb="0"/><line nr="133" mi="0" ci="2" mb="0" cb="0"/><line nr="134" mi="0" ci="4" mb="0" cb="0"/><line nr="135" mi="0" ci="4" mb="0" cb="0"/><line nr="136" mi="0" ci="4" mb="0" cb="0"/><line nr="138" mi="0" ci="1" mb="0" cb="0"/><line nr="139" mi="0" ci="4" mb="0" cb="0"/><line nr="140" mi="0" ci="8" mb="0" cb="0"/><line nr="141" mi="0" ci="8" mb="0" cb="0"/><line nr="142" mi="0" ci="4" mb="0" cb="0"/><line nr="143" mi="0" ci="4" mb="0" cb="0"/><line nr="144" mi="0" ci="2" mb="0" cb="0"/><counter type="INSTRUCTION" missed="27" covered="301"/><counter type="BRANCH" missed="8" covered="14"/><counter type="LINE" missed="8" covered="71"/><counter type="COMPLEXITY" missed="8" covered="14"/><counter type="METHOD" missed="1" covered="10"/><counter type="CLASS" missed="0" covered="1"/></sourcefile><sourcefile name="LoadDatabase.java"><line nr="20" mi="3" ci="0" mb="0" cb="0"/><line nr="22" mi="4" ci="0" mb="0" cb="0"/><line nr="27" mi="3" ci="0" mb="0" cb="0"/><line nr="30" mi="2" ci="0" mb="0" cb="0"/><line nr="31" mi="8" ci="0" mb="0" cb="0"/><line nr="33" mi="5" ci="0" mb="2" cb="0"/><line nr="34" mi="4" ci="0" mb="0" cb="0"/><line nr="35" mi="4" ci="0" mb="2" cb="0"/><line nr="36" mi="4" ci="0" mb="0" cb="0"/><line nr="37" mi="4" ci="0" mb="0" cb="0"/><line nr="38" mi="7" ci="0" mb="0" cb="0"/><line nr="39" mi="4" ci="0" mb="0" cb="0"/><line nr="41" mi="8" ci="0" mb="0" cb="0"/><line nr="42" mi="4" ci="0" mb="0" cb="0"/><line nr="44" mi="1" ci="0" mb="0" cb="0"/><line nr="45" mi="1" ci="0" mb="0" cb="0"/><line nr="46" mi="5" ci="0" mb="0" cb="0"/><line nr="47" mi="1" ci="0" mb="0" cb="0"/><line nr="48" mi="1" ci="0" mb="0" cb="0"/><counter type="INSTRUCTION" missed="73" covered="0"/><counter type="BRANCH" missed="4" covered="0"/><counter type="LINE" missed="19" covered="0"/><counter type="COMPLEXITY" missed="6" covered="0"/><counter type="METHOD" missed="4" covered="0"/><counter type="CLASS" missed="1" covered="0"/></sourcefile><counter type="INSTRUCTION" missed="108" covered="398"/><counter type="BRANCH" missed="17" covered="21"/><counter type="LINE" missed="29" covered="100"/><counter type="COMPLEXITY" missed="20" covered="29"/><counter type="METHOD" missed="6" covered="24"/><counter type="CLASS" missed="1" covered="3"/></package><counter type="INSTRUCTION" missed="108" covered="398"/><counter type="BRANCH" missed="17" covered="21"/><counter type="LINE" missed="29" covered="100"/><counter type="COMPLEXITY" missed="20" covered="29"/><counter type="METHOD" missed="6" covered="24"/><counter type="CLASS" missed="1" covered="3"/></report>